<?xml version="1.0" encoding="UTF-8"?>
<!-- Generated by org.testng.reporters.JUnitReportReporter -->
<testsuite skipped="0" hostname="Manimala-LAPTOP" name="TestSuites.Test1" tests="5" failures="0" timestamp="22 Dec 2020 08:36:00 GMT" time="138.750" errors="0">
  <testcase name="fillUserForm" time="25.512" classname="TestSuites.Test1"/>
  <testcase name="fillUserForm" time="26.421" classname="TestSuites.Test1"/>
  <testcase name="fillUserForm" time="23.694" classname="TestSuites.Test1"/>
  <testcase name="fillUserForm" time="26.018" classname="TestSuites.Test1"/>
  <testcase name="fillUserForm" time="37.105" classname="TestSuites.Test1"/>
</testsuite> <!-- TestSuites.Test1 -->
